build/app/outputs/mapping/release/seeds.txt
com.firebase_crud.application.MainActivity
com.firebase_crud.application.MainActivity: MainActivity()
...
com.google.android.gms.internal.auth.zzez: int zzb(byte[])
com.google.android.gms.internal.firebase-auth-api.zzwo: void zza(com.google.android.gms.internal.firebase-auth-api.zzwo,com.google.android.gms.internal.firebase-auth-api.zzwo$zza)
com.google.android.gms.internal.firebase-auth-api.zzaki: int zza(long)
com.google.android.gms.internal.auth.zzg: com.google.android.gms.common.api.internal.ApiKey getApiKey()
com.google.android.gms.internal.firebase-auth-api.zzace: java.lang.String zza()
com.google.android.recaptcha.internal.zzdw: java.lang.Object invokeSuspend(java.lang.Object)
com.google.android.recaptcha.internal.zzal: zzal(com.google.android.recaptcha.internal.zzan,com.google.android.recaptcha.internal.zzen,kotlin.jvm.internal.Ref$ObjectRef,kotlin.coroutines.Continuation)
com.google.android.recaptcha.internal.zzow: void zzg(java.lang.Object,java.lang.Object)
com.google.android.gms.internal.firebase-auth-api.zzamd: long zzm()
com.google.android.gms.tasks.zzl: void zzc()
com.google.android.gms.internal.firebase-auth-api.zzdt: zzdt(com.google.android.gms.internal.firebase-auth-api.zzea,com.google.android.gms.internal.firebase-auth-api.zzzo,com.google.android.gms.internal.firebase-auth-api.zzzn,java.lang.Integer,com.google.android.gms.internal.firebase-auth-api.zzdv)
com.google.android.recaptcha.internal.zzlg: com.google.android.recaptcha.internal.zzle zzw()
com.google.android.recaptcha.internal.zzgm: zzgm()
com.google.android.recaptcha.internal.zzjj: java.lang.Object zzb()
com.google.android.recaptcha.internal.zzub: java.lang.Object zzh(int,java.lang.Object,java.lang.Object)
com.google.android.recaptcha.internal.zzpe: java.lang.Iterable zzd()
com.google.android.gms.internal.firebase-auth-api.zzabe: zzabe(com.google.android.gms.internal.firebase-auth-api.zzzv,com.google.android.gms.internal.firebase-auth-api.zzadp)
com.google.android.gms.internal.base.zas: java.util.concurrent.ExecutorService zac(int,java.util.concurrent.ThreadFactory,int)
io.flutter.plugins.firebase.database.FlutterFirebaseAppRegistrar: FlutterFirebaseAppRegistrar()
com.google.android.gms.internal.firebase-auth-api.zzame: int zzb(int,java.util.List)
com.google.android.gms.tasks.DuplicateTaskCompletionException: java.lang.IllegalStateException of(com.google.android.gms.tasks.Task)
com.google.android.gms.internal.firebase-auth-api.zzxf: com.google.android.gms.internal.firebase-auth-api.zzxl zzd()
com.google.android.recaptcha.internal.zzli: int zzd()
com.google.android.gms.internal.firebase-auth-api.zzahf: java.lang.String zze()
com.google.android.recaptcha.internal.zzpm: com.google.android.recaptcha.internal.zzpm zzc()
com.google.android.gms.internal.auth.zzeq: java.lang.Object get(int)
com.google.android.gms.internal.firebase-auth-api.zzli: byte[] zza(byte[],byte[],java.lang.String,byte[],java.lang.String,byte[],int)
com.google.android.gms.internal.auth.zzbe: android.os.IInterface createServiceInterface(android.os.IBinder)
com.google.android.gms.internal.firebase-auth-api.zzaml: int hashCode()
com.google.android.recaptcha.internal.zzrc: java.lang.Object zzh(int,java.lang.Object,java.lang.Object)
com.google.android.gms.internal.firebase-auth-api.zzcx: com.google.android.gms.internal.firebase-auth-api.zzcx$zza zzb()
com.google.android.recaptcha.internal.zznp: java.lang.Object getValue()
com.google.android.gms.internal.firebase-auth-api.zzajy: int zza(java.util.Map$Entry)
io.grpc.SecurityLevel: io.grpc.SecurityLevel valueOf(java.lang.String)
com.google.android.gms.internal.auth-api.zbw: int getMinApkVersion()
com.google.android.gms.internal.firebase-auth-api.zzeq: zzeq()
com.google.android.gms.internal.firebase-auth-api.zzaky: com.google.android.gms.internal.firebase-auth-api.zzakn zza(int)
com.google.android.gms.internal.firebase-auth-api.zzajo: int zza(java.lang.String)
com.google.android.recaptcha.internal.zzdb: zzdb(com.google.android.recaptcha.internal.zzdc,kotlin.coroutines.Continuation)