build/app/outputs/mapping/release/usage.txt
com.firebase_crud.application.R$drawable
com.firebase_crud.application.R$mipmap
com.firebase_crud.application.R$string
com.firebase_crud.application.R$style
com.firebase_crud.application.R
...
com.google.gson.ToNumberPolicy
com.google.gson.ToNumberStrategy
com.google.gson.TypeAdapter$1
com.google.gson.TypeAdapter
com.google.gson.TypeAdapterFactory
com.google.gson.annotations.Expose
com.google.gson.annotations.JsonAdapter
com.google.gson.annotations.SerializedName
com.google.gson.annotations.Since
com.google.gson.annotations.Until
com.google.gson.annotations.package-info
com.google.gson.internal.$Gson$Preconditions
com.google.gson.internal.$Gson$Types$GenericArrayTypeImpl
com.google.gson.internal.$Gson$Types$ParameterizedTypeImpl
com.google.gson.internal.$Gson$Types$WildcardTypeImpl
com.google.gson.internal.$Gson$Types
com.google.gson.internal.ConstructorConstructor$10
com.google.gson.internal.ConstructorConstructor$11
com.google.gson.internal.ConstructorConstructor$12
com.google.gson.internal.ConstructorConstructor$13
com.google.gson.internal.ConstructorConstructor$14
com.google.gson.internal.ConstructorConstructor$15
com.google.gson.internal.ConstructorConstructor$16
com.google.gson.internal.ConstructorConstructor$17
com.google.gson.internal.ConstructorConstructor$18
com.google.gson.internal.ConstructorConstructor$19
com.google.gson.internal.ConstructorConstructor$1
com.google.gson.internal.ConstructorConstructor$20
com.google.gson.internal.ConstructorConstructor$2
com.google.gson.internal.ConstructorConstructor$3
com.google.gson.internal.ConstructorConstructor$4
com.google.gson.internal.ConstructorConstructor$5
com.google.gson.internal.ConstructorConstructor$6
com.google.gson.internal.ConstructorConstructor$7
com.google.gson.internal.ConstructorConstructor$8
com.google.gson.internal.ConstructorConstructor$9
com.google.gson.internal.ConstructorConstructor
com.google.gson.internal.Excluder$1
com.google.gson.internal.Excluder
com.google.gson.internal.GsonBuildConfig
com.google.gson.internal.JavaVersion
com.google.gson.internal.JsonReaderInternalAccess:
    public abstract void promoteNameToValue(com.google.gson.stream.JsonReader)
com.google.gson.internal.LazilyParsedNumber
com.google.gson.internal.LinkedTreeMap$1
com.google.gson.internal.LinkedTreeMap$EntrySet$1
com.google.gson.internal.LinkedTreeMap$EntrySet
com.google.gson.internal.LinkedTreeMap$KeySet$1
com.google.gson.internal.LinkedTreeMap$KeySet
com.google.gson.internal.LinkedTreeMap$LinkedTreeMapIterator
com.google.gson.internal.LinkedTreeMap$Node
com.google.gson.internal.LinkedTreeMap
com.google.gson.internal.NonNullElementWrapperList
com.google.gson.internal.ObjectConstructor
com.google.gson.internal.PreJava9DateFormatProvider
com.google.gson.internal.Primitives
com.google.gson.internal.ReflectionAccessFilterHelper$1
com.google.gson.internal.ReflectionAccessFilterHelper$AccessChecker$1
com.google.gson.internal.ReflectionAccessFilterHelper$AccessChecker$2
com.google.gson.internal.ReflectionAccessFilterHelper$AccessChecker
com.google.gson.internal.ReflectionAccessFilterHelper
com.google.gson.internal.Streams$1
com.google.gson.internal.Streams$AppendableWriter$CurrentWrite
com.google.gson.internal.Streams$AppendableWriter
com.google.gson.internal.Streams
com.google.gson.internal.UnsafeAllocator$1
com.google.gson.internal.UnsafeAllocator$2
com.google.gson.internal.UnsafeAllocator$3
com.google.gson.internal.UnsafeAllocator$4
com.google.gson.internal.UnsafeAllocator
com.google.gson.internal.bind.ArrayTypeAdapter$1
com.google.gson.internal.bind.ArrayTypeAdapter
com.google.gson.internal.bind.CollectionTypeAdapterFactory$Adapter
com.google.gson.internal.bind.CollectionTypeAdapterFactory
com.google.gson.internal.bind.DateTypeAdapter$1
com.google.gson.internal.bind.DateTypeAdapter
com.google.gson.internal.bind.DefaultDateTypeAdapter$1
com.google.gson.internal.bind.DefaultDateTypeAdapter$DateType$1
com.google.gson.internal.bind.DefaultDateTypeAdapter$DateType
com.google.gson.internal.bind.DefaultDateTypeAdapter
com.google.gson.internal.bind.JsonAdapterAnnotationTypeAdapterFactory
com.google.gson.internal.bind.JsonTreeReader$1